0 info it worked if it ends with ok
1 verbose cli [ '/usr/local/bin/node', '/usr/local/bin/npm', 'run', 'dev' ]
2 info using npm@3.3.12
3 info using node@v5.1.0
4 verbose run-script [ 'predev', 'dev', 'postdev' ]
5 info lifecycle node-red-contrib-dynamodb@0.0.0~predev: node-red-contrib-dynamodb@0.0.0
6 verbose lifecycle node-red-contrib-dynamodb@0.0.0~predev: unsafe-perm in lifecycle true
7 verbose lifecycle node-red-contrib-dynamodb@0.0.0~predev: PATH: /usr/local/lib/node_modules/npm/bin/node-gyp-bin:/Users/stephenkeep/Projects/redconnect-nodes/node-red-contrib-dynamodb/node_modules/.bin:/usr/local/bin:/usr/bin:/bin:/usr/sbin:/sbin:/usr/local/Bluemix/bin
8 verbose lifecycle node-red-contrib-dynamodb@0.0.0~predev: CWD: /Users/stephenkeep/Projects/redconnect-nodes/node-red-contrib-dynamodb
9 silly lifecycle node-red-contrib-dynamodb@0.0.0~predev: Args: [ '-c', 'npm i -g' ]
10 silly lifecycle node-red-contrib-dynamodb@0.0.0~predev: Returned: code: 0  signal: null
11 info lifecycle node-red-contrib-dynamodb@0.0.0~dev: node-red-contrib-dynamodb@0.0.0
12 verbose lifecycle node-red-contrib-dynamodb@0.0.0~dev: unsafe-perm in lifecycle true
13 verbose lifecycle node-red-contrib-dynamodb@0.0.0~dev: PATH: /usr/local/lib/node_modules/npm/bin/node-gyp-bin:/Users/stephenkeep/Projects/redconnect-nodes/node-red-contrib-dynamodb/node_modules/.bin:/usr/local/bin:/usr/bin:/bin:/usr/sbin:/sbin:/usr/local/Bluemix/bin
14 verbose lifecycle node-red-contrib-dynamodb@0.0.0~dev: CWD: /Users/stephenkeep/Projects/redconnect-nodes/node-red-contrib-dynamodb
15 silly lifecycle node-red-contrib-dynamodb@0.0.0~dev: Args: [ '-c', 'node-red -v' ]
16 silly lifecycle node-red-contrib-dynamodb@0.0.0~dev: Returned: code: 1  signal: null
17 info lifecycle node-red-contrib-dynamodb@0.0.0~dev: Failed to exec dev script
18 verbose stack Error: node-red-contrib-dynamodb@0.0.0 dev: `node-red -v`
18 verbose stack Exit status 1
18 verbose stack     at EventEmitter.<anonymous> (/usr/local/lib/node_modules/npm/lib/utils/lifecycle.js:232:16)
18 verbose stack     at emitTwo (events.js:87:13)
18 verbose stack     at EventEmitter.emit (events.js:172:7)
18 verbose stack     at ChildProcess.<anonymous> (/usr/local/lib/node_modules/npm/lib/utils/spawn.js:24:14)
18 verbose stack     at emitTwo (events.js:87:13)
18 verbose stack     at ChildProcess.emit (events.js:172:7)
18 verbose stack     at maybeClose (internal/child_process.js:818:16)
18 verbose stack     at Process.ChildProcess._handle.onexit (internal/child_process.js:211:5)
19 verbose pkgid node-red-contrib-dynamodb@0.0.0
20 verbose cwd /Users/stephenkeep/Projects/redconnect-nodes/node-red-contrib-dynamodb
21 error Darwin 14.5.0
22 error argv "/usr/local/bin/node" "/usr/local/bin/npm" "run" "dev"
23 error node v5.1.0
24 error npm  v3.3.12
25 error code ELIFECYCLE
26 error node-red-contrib-dynamodb@0.0.0 dev: `node-red -v`
26 error Exit status 1
27 error Failed at the node-red-contrib-dynamodb@0.0.0 dev script 'node-red -v'.
27 error Make sure you have the latest version of node.js and npm installed.
27 error If you do, this is most likely a problem with the node-red-contrib-dynamodb package,
27 error not with npm itself.
27 error Tell the author that this fails on your system:
27 error     node-red -v
27 error You can get their info via:
27 error     npm owner ls node-red-contrib-dynamodb
27 error There is likely additional logging output above.
28 verbose exit [ 1, true ]
